4월 06, 2021 1:50:15 오후 org.apache.catalina.startup.VersionLoggerListener log
정보: Server version:        Apache Tomcat/7.0.73
4월 06, 2021 1:50:15 오후 org.apache.catalina.startup.VersionLoggerListener log
정보: Server built:          Nov 7 2016 21:27:23 UTC
4월 06, 2021 1:50:15 오후 org.apache.catalina.startup.VersionLoggerListener log
정보: Server number:         7.0.73.0
4월 06, 2021 1:50:15 오후 org.apache.catalina.startup.VersionLoggerListener log
정보: OS Name:               Windows 10
4월 06, 2021 1:50:15 오후 org.apache.catalina.startup.VersionLoggerListener log
정보: OS Version:            10.0
4월 06, 2021 1:50:15 오후 org.apache.catalina.startup.VersionLoggerListener log
정보: Architecture:          amd64
4월 06, 2021 1:50:15 오후 org.apache.catalina.startup.VersionLoggerListener log
정보: Java Home:             D:\B_Util\2.Java\jdk1.8\jre
4월 06, 2021 1:50:15 오후 org.apache.catalina.startup.VersionLoggerListener log
정보: JVM Version:           1.8.0_121-b13
4월 06, 2021 1:50:15 오후 org.apache.catalina.startup.VersionLoggerListener log
정보: JVM Vendor:            Oracle Corporation
4월 06, 2021 1:50:15 오후 org.apache.catalina.startup.VersionLoggerListener log
정보: CATALINA_BASE:         D:\B_Util\5.ApacheTomcat\apache-tomcat-7.0.73
4월 06, 2021 1:50:15 오후 org.apache.catalina.startup.VersionLoggerListener log
정보: CATALINA_HOME:         D:\B_Util\5.ApacheTomcat\apache-tomcat-7.0.73
4월 06, 2021 1:50:15 오후 org.apache.catalina.startup.VersionLoggerListener log
정보: Command line argument: -Djdk.tls.ephemeralDHKeySize=2048
4월 06, 2021 1:50:15 오후 org.apache.catalina.startup.VersionLoggerListener log
정보: Command line argument: -Djava.util.logging.config.file=D:\B_Util\5.ApacheTomcat\apache-tomcat-7.0.73\conf\logging.properties
4월 06, 2021 1:50:15 오후 org.apache.catalina.startup.VersionLoggerListener log
정보: Command line argument: -Djava.util.logging.manager=org.apache.juli.ClassLoaderLogManager
4월 06, 2021 1:50:15 오후 org.apache.catalina.startup.VersionLoggerListener log
정보: Command line argument: -Djava.endorsed.dirs=D:\B_Util\5.ApacheTomcat\apache-tomcat-7.0.73\endorsed
4월 06, 2021 1:50:15 오후 org.apache.catalina.startup.VersionLoggerListener log
정보: Command line argument: -Dcatalina.base=D:\B_Util\5.ApacheTomcat\apache-tomcat-7.0.73
4월 06, 2021 1:50:15 오후 org.apache.catalina.startup.VersionLoggerListener log
정보: Command line argument: -Dcatalina.home=D:\B_Util\5.ApacheTomcat\apache-tomcat-7.0.73
4월 06, 2021 1:50:15 오후 org.apache.catalina.startup.VersionLoggerListener log
정보: Command line argument: -Djava.io.tmpdir=D:\B_Util\5.ApacheTomcat\apache-tomcat-7.0.73\temp
4월 06, 2021 1:50:15 오후 org.apache.catalina.core.AprLifecycleListener lifecycleEvent
정보: Loaded APR based Apache Tomcat Native library 1.2.10 using APR version 1.5.2.
4월 06, 2021 1:50:15 오후 org.apache.catalina.core.AprLifecycleListener lifecycleEvent
정보: APR capabilities: IPv6 [true], sendfile [true], accept filters [false], random [true].
4월 06, 2021 1:50:15 오후 org.apache.catalina.core.AprLifecycleListener initializeSSL
정보: OpenSSL successfully initialized (OpenSSL 1.0.2j  26 Sep 2016)
4월 06, 2021 1:50:15 오후 org.apache.coyote.AbstractProtocol init
정보: Initializing ProtocolHandler ["http-apr-80"]
4월 06, 2021 1:50:15 오후 org.apache.coyote.AbstractProtocol init
정보: Initializing ProtocolHandler ["ajp-apr-8009"]
4월 06, 2021 1:50:15 오후 org.apache.catalina.startup.Catalina load
정보: Initialization processed in 714 ms
4월 06, 2021 1:50:15 오후 org.apache.catalina.core.StandardService startInternal
정보: Starting service Catalina
4월 06, 2021 1:50:15 오후 org.apache.catalina.core.StandardEngine startInternal
정보: Starting Servlet Engine: Apache Tomcat/7.0.73
4월 06, 2021 1:50:15 오후 org.apache.catalina.startup.HostConfig deployWAR
정보: Deploying web application archive D:\B_Util\5.ApacheTomcat\apache-tomcat-7.0.73\webapps\ServletTest.war
4월 06, 2021 1:50:16 오후 org.apache.catalina.startup.HostConfig deployWAR
정보: Deployment of web application archive D:\B_Util\5.ApacheTomcat\apache-tomcat-7.0.73\webapps\ServletTest.war has finished in 267 ms
4월 06, 2021 1:50:16 오후 org.apache.catalina.startup.HostConfig deployDirectory
정보: Deploying web application directory D:\B_Util\5.ApacheTomcat\apache-tomcat-7.0.73\webapps\docs
4월 06, 2021 1:50:16 오후 org.apache.catalina.startup.HostConfig deployDirectory
정보: Deployment of web application directory D:\B_Util\5.ApacheTomcat\apache-tomcat-7.0.73\webapps\docs has finished in 29 ms
4월 06, 2021 1:50:16 오후 org.apache.catalina.startup.HostConfig deployDirectory
정보: Deploying web application directory D:\B_Util\5.ApacheTomcat\apache-tomcat-7.0.73\webapps\examples
4월 06, 2021 1:50:17 오후 org.apache.catalina.startup.HostConfig deployDirectory
정보: Deployment of web application directory D:\B_Util\5.ApacheTomcat\apache-tomcat-7.0.73\webapps\examples has finished in 844 ms
4월 06, 2021 1:50:17 오후 org.apache.catalina.startup.HostConfig deployDirectory
정보: Deploying web application directory D:\B_Util\5.ApacheTomcat\apache-tomcat-7.0.73\webapps\host-manager
4월 06, 2021 1:50:17 오후 org.apache.catalina.startup.HostConfig deployDirectory
정보: Deployment of web application directory D:\B_Util\5.ApacheTomcat\apache-tomcat-7.0.73\webapps\host-manager has finished in 45 ms
4월 06, 2021 1:50:17 오후 org.apache.catalina.startup.HostConfig deployDirectory
정보: Deploying web application directory D:\B_Util\5.ApacheTomcat\apache-tomcat-7.0.73\webapps\manager
4월 06, 2021 1:50:17 오후 org.apache.catalina.startup.HostConfig deployDirectory
정보: Deployment of web application directory D:\B_Util\5.ApacheTomcat\apache-tomcat-7.0.73\webapps\manager has finished in 43 ms
4월 06, 2021 1:50:17 오후 org.apache.catalina.startup.HostConfig deployDirectory
정보: Deploying web application directory D:\B_Util\5.ApacheTomcat\apache-tomcat-7.0.73\webapps\ROOT
4월 06, 2021 1:50:17 오후 org.apache.catalina.startup.HostConfig deployDirectory
정보: Deployment of web application directory D:\B_Util\5.ApacheTomcat\apache-tomcat-7.0.73\webapps\ROOT has finished in 23 ms
4월 06, 2021 1:50:17 오후 org.apache.coyote.AbstractProtocol start
정보: Starting ProtocolHandler ["http-apr-80"]
4월 06, 2021 1:50:17 오후 org.apache.coyote.AbstractProtocol start
정보: Starting ProtocolHandler ["ajp-apr-8009"]
4월 06, 2021 1:50:17 오후 org.apache.catalina.startup.Catalina start
정보: Server startup in 1297 ms
